<?xml version="1.0" encoding="UTF-8"?>
<testsuite name="net.semanticmetadata.lire.imageanalysis.features.TestCentrist" tests="2" skipped="0" failures="0" errors="0" timestamp="2018-09-17T03:27:10" hostname="michu-Vostro-3578" time="2.91">
  <properties/>
  <testcase name="testExtractionSpatialPyramidCentrist" classname="net.semanticmetadata.lire.imageanalysis.features.TestCentrist" time="2.215"/>
  <testcase name="testExtractionSimpleCentrist" classname="net.semanticmetadata.lire.imageanalysis.features.TestCentrist" time="0.695"/>
  <system-out><![CDATA[]]></system-out>
  <system-err><![CDATA[]]></system-err>
</testsuite>
